--- Startup times for process: Primary/TUI ---

times in msec
 clock   self+sourced   self:  sourced script
 clock   elapsed:              other lines

000.001  000.001: --- NVIM STARTING ---
000.092  000.092: event init
000.274  000.182: early init
000.725  000.451: locale set
000.778  000.053: init first window
001.263  000.485: inits 1
001.272  000.009: window checked
001.277  000.005: parsing arguments
001.931  000.047  000.047: require('vim.shared')
002.021  000.044  000.044: require('vim.inspect')
002.075  000.042  000.042: require('vim._options')
002.077  000.143  000.057: require('vim._editor')
002.079  000.281  000.090: require('vim._init_packages')
002.081  000.524: init lua interpreter
002.518  000.436: --- NVIM STARTED ---

--- Startup times for process: Embedded ---

times in msec
 clock   self+sourced   self:  sourced script
 clock   elapsed:              other lines

000.000  000.000: --- NVIM STARTING ---
000.062  000.062: event init
000.183  000.121: early init
000.445  000.262: locale set
000.484  000.038: init first window
000.779  000.295: inits 1
000.794  000.016: window checked
000.798  000.004: parsing arguments
001.264  000.035  000.035: require('vim.shared')
001.343  000.041  000.041: require('vim.inspect')
001.387  000.033  000.033: require('vim._options')
001.389  000.122  000.048: require('vim._editor')
001.390  000.194  000.037: require('vim._init_packages')
001.392  000.400: init lua interpreter
003.120  001.728: expanding arguments
003.132  000.013: inits 2
003.409  000.277: init highlight
003.410  000.001: waiting for UI
003.550  000.139: done waiting for UI
003.554  000.004: clear screen
003.633  000.008  000.008: require('vim.keymap')
004.225  000.667  000.659: require('vim._defaults')
004.227  000.006: init default mappings & autocommands
004.813  000.063  000.063: sourcing /opt/homebrew/Cellar/neovim/0.10.3/share/nvim/runtime/ftplugin.vim
004.910  000.027  000.027: sourcing /opt/homebrew/Cellar/neovim/0.10.3/share/nvim/runtime/indent.vim
006.145  000.650  000.650: require('lazy')
006.180  000.021  000.021: require('ffi')
006.252  000.044  000.044: require('vim.fs')
006.459  000.197  000.197: require('vim.uri')
006.470  000.287  000.046: require('vim.loader')
006.994  000.490  000.490: require('lazy.stats')
007.192  000.158  000.158: require('lazy.core.util')
007.433  000.239  000.239: require('lazy.core.config')
007.736  000.165  000.165: require('lazy.core.handler')
008.100  000.131  000.131: require('lazy.pkg')
008.105  000.243  000.112: require('lazy.core.meta')
008.111  000.374  000.131: require('lazy.core.plugin')
008.119  000.684  000.145: require('lazy.core.loader')
008.664  000.173  000.173: require('lazy.core.fragments')
010.554  000.220  000.220: require('lazyvim.util')
010.565  000.492  000.271: require('lazyvim.config')
011.663  000.605  000.605: require('lazyvim.config.options')
011.840  000.154  000.154: require('config.options')
012.181  000.225  000.225: require('lazyvim.util.plugin')
012.345  000.162  000.162: require('lazyvim.util.deprecated')
012.443  000.095  000.095: require('lazyvim.util.inject')
012.552  000.107  000.107: require('lazy.core.handler.event')
013.398  000.101  000.101: require('lazyvim.util.pick')
016.063  000.116  000.116: require('vim.version')
017.183  000.125  000.125: require('lazyvim.util.lsp')
019.784  000.151  000.151: require('lazy.core.handler.cmd')
019.880  000.093  000.093: require('lazy.core.handler.ft')
019.977  000.095  000.095: require('lazy.core.handler.keys')
023.458  000.108  000.108: require('lazyvim.util.ui')
023.606  000.092  000.092: sourcing /opt/homebrew/Cellar/neovim/0.10.3/share/nvim/runtime/filetype.lua
024.558  000.154  000.154: require('vim.treesitter.language')
024.660  000.101  000.101: require('vim.func')
024.810  000.147  000.147: require('vim.func._memoize')
024.826  000.623  000.221: require('vim.treesitter.query')
024.832  001.011  000.388: require('nvim-treesitter.query_predicates')
025.023  000.132  000.132: require('lazyvim')
026.000  000.140  000.140: require('tokyonight.config')
026.002  000.458  000.318: require('tokyonight')
026.054  000.988  000.530: require('tokyonight')
026.447  000.247  000.247: require('tokyonight.util')
026.448  000.392  000.145: require('tokyonight.theme')
026.785  000.127  000.127: require('tokyonight.colors')
027.093  000.143  000.143: require('tokyonight.hsluv')
027.675  000.103  000.103: require('tokyonight.groups')
028.960  000.276  000.276: require('snacks')
028.962  000.313  000.037: sourcing /Users/anwernder/.local/share/nvim/lazy/snacks.nvim/plugin/snacks.lua
029.227  000.044  000.044: sourcing /opt/homebrew/Cellar/neovim/0.10.3/share/nvim/runtime/plugin/editorconfig.lua
029.350  000.083  000.083: sourcing /opt/homebrew/Cellar/neovim/0.10.3/share/nvim/runtime/plugin/man.lua
029.829  000.127  000.127: sourcing /opt/homebrew/Cellar/neovim/0.10.3/share/nvim/runtime/pack/dist/opt/matchit/plugin/matchit.vim
029.840  000.450  000.324: sourcing /opt/homebrew/Cellar/neovim/0.10.3/share/nvim/runtime/plugin/matchit.vim
029.972  000.091  000.091: sourcing /opt/homebrew/Cellar/neovim/0.10.3/share/nvim/runtime/plugin/matchparen.vim
030.176  000.162  000.162: sourcing /opt/homebrew/Cellar/neovim/0.10.3/share/nvim/runtime/plugin/netrwPlugin.vim
030.267  000.045  000.045: sourcing /opt/homebrew/Cellar/neovim/0.10.3/share/nvim/runtime/plugin/osc52.lua
030.414  000.089  000.089: sourcing /opt/homebrew/Cellar/neovim/0.10.3/share/nvim/runtime/plugin/rplugin.vim
030.541  000.036  000.036: sourcing /opt/homebrew/Cellar/neovim/0.10.3/share/nvim/runtime/plugin/shada.vim
030.598  000.011  000.011: sourcing /opt/homebrew/Cellar/neovim/0.10.3/share/nvim/runtime/plugin/spellfile.vim
030.696  025.630  015.985: require('config.lazy')
030.697  025.663  000.033: sourcing /Users/anwernder/.config/nvim/init.lua
030.701  000.721: sourcing vimrc file(s)
030.899  000.029  000.029: sourcing /opt/homebrew/Cellar/neovim/0.10.3/share/nvim/runtime/filetype.lua
031.068  000.037  000.037: sourcing /opt/homebrew/Cellar/neovim/0.10.3/share/nvim/runtime/syntax/synload.vim
031.112  000.150  000.113: sourcing /opt/homebrew/Cellar/neovim/0.10.3/share/nvim/runtime/syntax/syntax.vim
031.117  000.237: inits 3
031.999  000.882: reading ShaDa
032.051  000.052: opening buffers
032.104  000.053: BufEnter autocommands
032.105  000.001: editing files in windows
032.203  000.098: VimEnter autocommands
032.586  000.128  000.128: require('snacks.util')
032.605  000.388  000.260: require('snacks.dashboard')
034.481  000.202  000.202: require('snacks.scroll')
034.617  000.095  000.095: require('snacks.animate')
034.910  000.078  000.078: require('vim.ui')
034.912  000.230  000.153: require('snacks.input')
035.020  000.107  000.107: require('snacks.scope')
035.115  001.890: UIEnter autocommands
035.116  000.001: before starting main loop
035.174  000.003  000.003: require('vim.F')
035.575  000.456: first screen update
035.576  000.001: --- NVIM STARTED ---

